2024-08-21 21:32:08,242 INFO  [restartedMain] com.dogukan.SpringBootIntroApplication:Starting SpringBootIntroApplication using Java 17.0.11 on DESKTOP-UFHJBGA with PID 30632 (C:\Users\dhn19\OneDrive\Masa端st端\YAZILIM\TechProEducation\Spring\SpringBootIntro\target\classes started by dhn19 in C:\Users\dhn19\OneDrive\Masa端st端\YAZILIM\TechProEducation\Spring\SpringBootIntro)
2024-08-21 21:32:08,243 INFO  [restartedMain] com.dogukan.SpringBootIntroApplication:No active profile set, falling back to 1 default profile: "default"
2024-08-21 21:32:08,293 INFO  [restartedMain] org.springframework.boot.devtools.env.DevToolsPropertyDefaultsPostProcessor:Devtools property defaults active! Set 'spring.devtools.add-properties' to 'false' to disable
2024-08-21 21:32:08,293 INFO  [restartedMain] org.springframework.boot.devtools.env.DevToolsPropertyDefaultsPostProcessor:For additional web related logging consider setting the 'logging.level.web' property to 'DEBUG'
2024-08-21 21:32:09,023 INFO  [restartedMain] org.springframework.data.repository.config.RepositoryConfigurationDelegate:Bootstrapping Spring Data JPA repositories in DEFAULT mode.
2024-08-21 21:32:09,072 INFO  [restartedMain] org.springframework.data.repository.config.RepositoryConfigurationDelegate:Finished Spring Data repository scanning in 38 ms. Found 1 JPA repository interfaces.
2024-08-21 21:32:09,731 INFO  [restartedMain] org.springframework.boot.web.embedded.tomcat.TomcatWebServer:Tomcat initialized with port(s): 8080 (http)
2024-08-21 21:32:09,741 INFO  [restartedMain] org.apache.catalina.core.StandardService:Starting service [Tomcat]
2024-08-21 21:32:09,741 INFO  [restartedMain] org.apache.catalina.core.StandardEngine:Starting Servlet engine: [Apache Tomcat/9.0.82]
2024-08-21 21:32:09,824 INFO  [restartedMain] org.apache.catalina.core.ContainerBase.[Tomcat].[localhost].[/]:Initializing Spring embedded WebApplicationContext
2024-08-21 21:32:09,825 INFO  [restartedMain] org.springframework.boot.web.servlet.context.ServletWebServerApplicationContext:Root WebApplicationContext: initialization completed in 1530 ms
2024-08-21 21:32:10,103 INFO  [restartedMain] org.hibernate.jpa.internal.util.LogHelper:HHH000204: Processing PersistenceUnitInfo [name: default]
2024-08-21 21:32:10,170 INFO  [restartedMain] org.hibernate.Version:HHH000412: Hibernate ORM core version 5.6.15.Final
2024-08-21 21:32:10,380 INFO  [restartedMain] org.hibernate.annotations.common.Version:HCANN000001: Hibernate Commons Annotations {5.1.2.Final}
2024-08-21 21:32:10,498 INFO  [restartedMain] com.zaxxer.hikari.HikariDataSource:HikariPool-1 - Starting...
2024-08-21 21:32:10,669 INFO  [restartedMain] com.zaxxer.hikari.HikariDataSource:HikariPool-1 - Start completed.
2024-08-21 21:32:10,688 INFO  [restartedMain] org.hibernate.dialect.Dialect:HHH000400: Using dialect: org.hibernate.dialect.PostgreSQL9Dialect
2024-08-21 21:32:11,222 INFO  [restartedMain] org.hibernate.engine.transaction.jta.platform.internal.JtaPlatformInitiator:HHH000490: Using JtaPlatform implementation: [org.hibernate.engine.transaction.jta.platform.internal.NoJtaPlatform]
2024-08-21 21:32:11,228 INFO  [restartedMain] org.springframework.orm.jpa.LocalContainerEntityManagerFactoryBean:Initialized JPA EntityManagerFactory for persistence unit 'default'
2024-08-21 21:32:11,713 WARN  [restartedMain] org.springframework.boot.autoconfigure.orm.jpa.JpaBaseConfiguration$JpaWebConfiguration:spring.jpa.open-in-view is enabled by default. Therefore, database queries may be performed during view rendering. Explicitly configure spring.jpa.open-in-view to disable this warning
2024-08-21 21:32:12,200 INFO  [restartedMain] org.springframework.boot.devtools.autoconfigure.OptionalLiveReloadServer:LiveReload server is running on port 35729
2024-08-21 21:32:12,208 INFO  [restartedMain] org.springframework.boot.actuate.endpoint.web.EndpointLinksResolver:Exposing 1 endpoint(s) beneath base path '/actuator'
2024-08-21 21:32:12,265 INFO  [restartedMain] org.springframework.boot.web.embedded.tomcat.TomcatWebServer:Tomcat started on port(s): 8080 (http) with context path ''
2024-08-21 21:32:12,280 INFO  [restartedMain] com.dogukan.SpringBootIntroApplication:Started SpringBootIntroApplication in 4.452 seconds (JVM running for 4.884)
2024-08-21 21:33:01,987 INFO  [http-nio-8080-exec-2] org.apache.catalina.core.ContainerBase.[Tomcat].[localhost].[/]:Initializing Spring DispatcherServlet 'dispatcherServlet'
2024-08-21 21:33:02,012 INFO  [http-nio-8080-exec-2] com.dogukan.controller.StudentController:welcome isteginin pathi: /students/welcome
2024-08-21 21:33:02,012 INFO  [http-nio-8080-exec-2] com.dogukan.controller.StudentController:welcome isteginin http metodu : GET
2024-08-21 21:37:59,833 INFO  [SpringApplicationShutdownHook] org.springframework.orm.jpa.LocalContainerEntityManagerFactoryBean:Closing JPA EntityManagerFactory for persistence unit 'default'
2024-08-21 21:37:59,835 INFO  [SpringApplicationShutdownHook] com.zaxxer.hikari.HikariDataSource:HikariPool-1 - Shutdown initiated...
2024-08-21 21:37:59,837 INFO  [SpringApplicationShutdownHook] com.zaxxer.hikari.HikariDataSource:HikariPool-1 - Shutdown completed.
