2024-08-24 23:17:37,328 INFO  [main] com.dogukan.SpringJwtApplication:Starting SpringJwtApplication using Java 17.0.11 on DESKTOP-UFHJBGA with PID 30656 (C:\Users\dhn19\OneDrive\Masaüstü\YAZILIM\TechProEducation\Spring\SpringJwt\target\classes started by dhn19 in C:\Users\dhn19\OneDrive\Masaüstü\YAZILIM\TechProEducation\Spring\SpringJwt)
2024-08-24 23:17:37,329 INFO  [main] com.dogukan.SpringJwtApplication:No active profile set, falling back to default profiles: default
2024-08-24 23:17:37,951 INFO  [main] org.springframework.data.repository.config.RepositoryConfigurationDelegate:Bootstrapping Spring Data JPA repositories in DEFAULT mode.
2024-08-24 23:17:38,007 INFO  [main] org.springframework.data.repository.config.RepositoryConfigurationDelegate:Finished Spring Data repository scanning in 49 ms. Found 2 JPA repository interfaces.
2024-08-24 23:17:38,655 INFO  [main] org.springframework.boot.web.embedded.tomcat.TomcatWebServer:Tomcat initialized with port(s): 8080 (http)
2024-08-24 23:17:38,675 INFO  [main] org.apache.catalina.core.StandardService:Starting service [Tomcat]
2024-08-24 23:17:38,675 INFO  [main] org.apache.catalina.core.StandardEngine:Starting Servlet engine: [Apache Tomcat/9.0.56]
2024-08-24 23:17:38,793 INFO  [main] org.apache.catalina.core.ContainerBase.[Tomcat].[localhost].[/]:Initializing Spring embedded WebApplicationContext
2024-08-24 23:17:38,795 INFO  [main] org.springframework.boot.web.servlet.context.ServletWebServerApplicationContext:Root WebApplicationContext: initialization completed in 1426 ms
2024-08-24 23:17:38,996 INFO  [main] org.hibernate.jpa.internal.util.LogHelper:HHH000204: Processing PersistenceUnitInfo [name: default]
2024-08-24 23:17:39,092 INFO  [main] org.hibernate.Version:HHH000412: Hibernate ORM core version 5.6.4.Final
2024-08-24 23:17:39,277 INFO  [main] org.hibernate.annotations.common.Version:HCANN000001: Hibernate Commons Annotations {5.1.2.Final}
2024-08-24 23:17:39,375 INFO  [main] com.zaxxer.hikari.HikariDataSource:HikariPool-1 - Starting...
2024-08-24 23:17:39,544 INFO  [main] com.zaxxer.hikari.HikariDataSource:HikariPool-1 - Start completed.
2024-08-24 23:17:39,558 INFO  [main] org.hibernate.dialect.Dialect:HHH000400: Using dialect: org.hibernate.dialect.PostgreSQL9Dialect
2024-08-24 23:17:40,101 WARN  [main] org.hibernate.engine.jdbc.spi.SqlExceptionHelper:SQL Warning Code: 0, SQLState: 00000
2024-08-24 23:17:40,102 WARN  [main] org.hibernate.engine.jdbc.spi.SqlExceptionHelper:constraint "uk_b5q5wl2w4kiod1gyimirwmfse" of relation "t_user" does not exist, skipping
2024-08-24 23:17:40,111 INFO  [main] org.hibernate.engine.transaction.jta.platform.internal.JtaPlatformInitiator:HHH000490: Using JtaPlatform implementation: [org.hibernate.engine.transaction.jta.platform.internal.NoJtaPlatform]
2024-08-24 23:17:40,117 INFO  [main] org.springframework.orm.jpa.LocalContainerEntityManagerFactoryBean:Initialized JPA EntityManagerFactory for persistence unit 'default'
2024-08-24 23:17:40,500 WARN  [main] org.springframework.boot.autoconfigure.orm.jpa.JpaBaseConfiguration$JpaWebConfiguration:spring.jpa.open-in-view is enabled by default. Therefore, database queries may be performed during view rendering. Explicitly configure spring.jpa.open-in-view to disable this warning
2024-08-24 23:17:40,675 INFO  [main] org.springframework.security.web.DefaultSecurityFilterChain:Will secure any request with [org.springframework.security.web.context.request.async.WebAsyncManagerIntegrationFilter@2c846d55, org.springframework.security.web.context.SecurityContextPersistenceFilter@666b1244, org.springframework.security.web.header.HeaderWriterFilter@52b891de, org.springframework.security.web.authentication.logout.LogoutFilter@24668b5b, com.dogukan.security.AuthTokenFilter@59b1edab, org.springframework.security.web.savedrequest.RequestCacheAwareFilter@789d8fd6, org.springframework.security.web.servletapi.SecurityContextHolderAwareRequestFilter@296bfddb, org.springframework.security.web.authentication.AnonymousAuthenticationFilter@735167e1, org.springframework.security.web.session.SessionManagementFilter@726d8fa0, org.springframework.security.web.access.ExceptionTranslationFilter@20f6b6e0, org.springframework.security.web.access.intercept.AuthorizationFilter@1d6a22dd]
2024-08-24 23:17:41,096 INFO  [main] org.springframework.boot.web.embedded.tomcat.TomcatWebServer:Tomcat started on port(s): 8080 (http) with context path ''
2024-08-24 23:17:41,106 INFO  [main] com.dogukan.SpringJwtApplication:Started SpringJwtApplication in 4.238 seconds (JVM running for 4.584)
2024-08-24 23:19:42,705 INFO  [http-nio-8080-exec-2] org.apache.catalina.core.ContainerBase.[Tomcat].[localhost].[/]:Initializing Spring DispatcherServlet 'dispatcherServlet'
2024-08-24 23:29:20,408 INFO  [SpringApplicationShutdownHook] org.springframework.orm.jpa.LocalContainerEntityManagerFactoryBean:Closing JPA EntityManagerFactory for persistence unit 'default'
2024-08-24 23:29:20,410 INFO  [SpringApplicationShutdownHook] com.zaxxer.hikari.HikariDataSource:HikariPool-1 - Shutdown initiated...
2024-08-24 23:29:20,414 INFO  [SpringApplicationShutdownHook] com.zaxxer.hikari.HikariDataSource:HikariPool-1 - Shutdown completed.
2024-08-24 23:30:41,552 INFO  [main] com.dogukan.SpringJwtApplication:Starting SpringJwtApplication using Java 17.0.11 on DESKTOP-UFHJBGA with PID 9880 (C:\Users\dhn19\OneDrive\Masaüstü\YAZILIM\TechProEducation\Spring\SpringJwt\target\classes started by dhn19 in C:\Users\dhn19\OneDrive\Masaüstü\YAZILIM\TechProEducation\Spring\SpringJwt)
2024-08-24 23:30:41,555 INFO  [main] com.dogukan.SpringJwtApplication:No active profile set, falling back to default profiles: default
2024-08-24 23:30:42,150 INFO  [main] org.springframework.data.repository.config.RepositoryConfigurationDelegate:Bootstrapping Spring Data JPA repositories in DEFAULT mode.
2024-08-24 23:30:42,212 INFO  [main] org.springframework.data.repository.config.RepositoryConfigurationDelegate:Finished Spring Data repository scanning in 54 ms. Found 2 JPA repository interfaces.
2024-08-24 23:30:42,888 INFO  [main] org.springframework.boot.web.embedded.tomcat.TomcatWebServer:Tomcat initialized with port(s): 8080 (http)
2024-08-24 23:30:42,916 INFO  [main] org.apache.catalina.core.StandardService:Starting service [Tomcat]
2024-08-24 23:30:42,917 INFO  [main] org.apache.catalina.core.StandardEngine:Starting Servlet engine: [Apache Tomcat/9.0.56]
2024-08-24 23:30:43,041 INFO  [main] org.apache.catalina.core.ContainerBase.[Tomcat].[localhost].[/]:Initializing Spring embedded WebApplicationContext
2024-08-24 23:30:43,041 INFO  [main] org.springframework.boot.web.servlet.context.ServletWebServerApplicationContext:Root WebApplicationContext: initialization completed in 1450 ms
2024-08-24 23:30:43,241 INFO  [main] org.hibernate.jpa.internal.util.LogHelper:HHH000204: Processing PersistenceUnitInfo [name: default]
2024-08-24 23:30:43,289 INFO  [main] org.hibernate.Version:HHH000412: Hibernate ORM core version 5.6.4.Final
2024-08-24 23:30:43,450 INFO  [main] org.hibernate.annotations.common.Version:HCANN000001: Hibernate Commons Annotations {5.1.2.Final}
2024-08-24 23:30:43,541 INFO  [main] com.zaxxer.hikari.HikariDataSource:HikariPool-1 - Starting...
2024-08-24 23:30:43,706 INFO  [main] com.zaxxer.hikari.HikariDataSource:HikariPool-1 - Start completed.
2024-08-24 23:30:43,721 INFO  [main] org.hibernate.dialect.Dialect:HHH000400: Using dialect: org.hibernate.dialect.PostgreSQL9Dialect
2024-08-24 23:30:44,345 INFO  [main] org.hibernate.engine.transaction.jta.platform.internal.JtaPlatformInitiator:HHH000490: Using JtaPlatform implementation: [org.hibernate.engine.transaction.jta.platform.internal.NoJtaPlatform]
2024-08-24 23:30:44,351 INFO  [main] org.springframework.orm.jpa.LocalContainerEntityManagerFactoryBean:Initialized JPA EntityManagerFactory for persistence unit 'default'
2024-08-24 23:30:44,698 WARN  [main] org.springframework.boot.autoconfigure.orm.jpa.JpaBaseConfiguration$JpaWebConfiguration:spring.jpa.open-in-view is enabled by default. Therefore, database queries may be performed during view rendering. Explicitly configure spring.jpa.open-in-view to disable this warning
2024-08-24 23:30:44,755 WARN  [main] org.springframework.boot.web.servlet.context.AnnotationConfigServletWebServerApplicationContext:Exception encountered during context initialization - cancelling refresh attempt: org.springframework.beans.factory.BeanCreationException: Error creating bean with name 'userController' defined in file [C:\Users\dhn19\OneDrive\Masaüstü\YAZILIM\TechProEducation\Spring\SpringJwt\target\classes\com\dogukan\controller\UserController.class]: Initialization of bean failed; nested exception is java.lang.IllegalArgumentException: Failed to parse expression 'hasAnyRole('STUDENT','ADMIN''
2024-08-24 23:30:44,756 INFO  [main] org.springframework.orm.jpa.LocalContainerEntityManagerFactoryBean:Closing JPA EntityManagerFactory for persistence unit 'default'
2024-08-24 23:30:44,758 INFO  [main] com.zaxxer.hikari.HikariDataSource:HikariPool-1 - Shutdown initiated...
2024-08-24 23:30:44,762 INFO  [main] com.zaxxer.hikari.HikariDataSource:HikariPool-1 - Shutdown completed.
2024-08-24 23:30:44,765 INFO  [main] org.apache.catalina.core.StandardService:Stopping service [Tomcat]
2024-08-24 23:30:44,775 INFO  [main] org.springframework.boot.autoconfigure.logging.ConditionEvaluationReportLoggingListener:

Error starting ApplicationContext. To display the conditions report re-run your application with 'debug' enabled.
2024-08-24 23:30:44,799 ERROR [main] org.springframework.boot.SpringApplication:Application run failed
org.springframework.beans.factory.BeanCreationException: Error creating bean with name 'userController' defined in file [C:\Users\dhn19\OneDrive\Masaüstü\YAZILIM\TechProEducation\Spring\SpringJwt\target\classes\com\dogukan\controller\UserController.class]: Initialization of bean failed; nested exception is java.lang.IllegalArgumentException: Failed to parse expression 'hasAnyRole('STUDENT','ADMIN''
	at org.springframework.beans.factory.support.AbstractAutowireCapableBeanFactory.doCreateBean(AbstractAutowireCapableBeanFactory.java:628)
	at org.springframework.beans.factory.support.AbstractAutowireCapableBeanFactory.createBean(AbstractAutowireCapableBeanFactory.java:542)
	at org.springframework.beans.factory.support.AbstractBeanFactory.lambda$doGetBean$0(AbstractBeanFactory.java:335)
	at org.springframework.beans.factory.support.DefaultSingletonBeanRegistry.getSingleton(DefaultSingletonBeanRegistry.java:234)
	at org.springframework.beans.factory.support.AbstractBeanFactory.doGetBean(AbstractBeanFactory.java:333)
	at org.springframework.beans.factory.support.AbstractBeanFactory.getBean(AbstractBeanFactory.java:208)
	at org.springframework.beans.factory.support.DefaultListableBeanFactory.preInstantiateSingletons(DefaultListableBeanFactory.java:953)
	at org.springframework.context.support.AbstractApplicationContext.finishBeanFactoryInitialization(AbstractApplicationContext.java:918)
	at org.springframework.context.support.AbstractApplicationContext.refresh(AbstractApplicationContext.java:583)
	at org.springframework.boot.web.servlet.context.ServletWebServerApplicationContext.refresh(ServletWebServerApplicationContext.java:145)
	at org.springframework.boot.SpringApplication.refresh(SpringApplication.java:732)
	at org.springframework.boot.SpringApplication.refreshContext(SpringApplication.java:414)
	at org.springframework.boot.SpringApplication.run(SpringApplication.java:302)
	at org.springframework.boot.SpringApplication.run(SpringApplication.java:1303)
	at org.springframework.boot.SpringApplication.run(SpringApplication.java:1292)
	at com.dogukan.SpringJwtApplication.main(SpringJwtApplication.java:10)
Caused by: java.lang.IllegalArgumentException: Failed to parse expression 'hasAnyRole('STUDENT','ADMIN''
	at org.springframework.security.access.expression.method.ExpressionBasedAnnotationAttributeFactory.createPreInvocationAttribute(ExpressionBasedAnnotationAttributeFactory.java:59)
	at org.springframework.security.access.prepost.PrePostAnnotationSecurityMetadataSource.getAttributes(PrePostAnnotationSecurityMetadataSource.java:80)
	at org.springframework.security.access.method.DelegatingMethodSecurityMetadataSource.getAttributes(DelegatingMethodSecurityMetadataSource.java:66)
	at org.springframework.security.access.intercept.aopalliance.MethodSecurityMetadataSourceAdvisor$MethodSecurityMetadataSourcePointcut.matches(MethodSecurityMetadataSourceAdvisor.java:127)
	at org.springframework.aop.support.AopUtils.canApply(AopUtils.java:252)
	at org.springframework.aop.support.AopUtils.canApply(AopUtils.java:289)
	at org.springframework.aop.support.AopUtils.findAdvisorsThatCanApply(AopUtils.java:321)
	at org.springframework.aop.framework.autoproxy.AbstractAdvisorAutoProxyCreator.findAdvisorsThatCanApply(AbstractAdvisorAutoProxyCreator.java:128)
	at org.springframework.aop.framework.autoproxy.AbstractAdvisorAutoProxyCreator.findEligibleAdvisors(AbstractAdvisorAutoProxyCreator.java:97)
	at org.springframework.aop.framework.autoproxy.AbstractAdvisorAutoProxyCreator.getAdvicesAndAdvisorsForBean(AbstractAdvisorAutoProxyCreator.java:78)
	at org.springframework.aop.framework.autoproxy.AbstractAutoProxyCreator.wrapIfNecessary(AbstractAutoProxyCreator.java:339)
	at org.springframework.aop.framework.autoproxy.AbstractAutoProxyCreator.postProcessAfterInitialization(AbstractAutoProxyCreator.java:291)
	at org.springframework.beans.factory.support.AbstractAutowireCapableBeanFactory.applyBeanPostProcessorsAfterInitialization(AbstractAutowireCapableBeanFactory.java:455)
	at org.springframework.beans.factory.support.AbstractAutowireCapableBeanFactory.initializeBean(AbstractAutowireCapableBeanFactory.java:1808)
	at org.springframework.beans.factory.support.AbstractAutowireCapableBeanFactory.doCreateBean(AbstractAutowireCapableBeanFactory.java:620)
	... 15 common frames omitted
Caused by: org.springframework.expression.spel.SpelParseException: Expression [hasAnyRole('STUDENT','ADMIN'] @10: EL1051E: Unexpectedly ran out of arguments
	at org.springframework.expression.spel.standard.InternalSpelExpressionParser.internalException(InternalSpelExpressionParser.java:1041)
	at org.springframework.expression.spel.standard.InternalSpelExpressionParser.consumeArguments(InternalSpelExpressionParser.java:477)
	at org.springframework.expression.spel.standard.InternalSpelExpressionParser.maybeEatMethodArgs(InternalSpelExpressionParser.java:441)
	at org.springframework.expression.spel.standard.InternalSpelExpressionParser.maybeEatMethodOrProperty(InternalSpelExpressionParser.java:760)
	at org.springframework.expression.spel.standard.InternalSpelExpressionParser.eatStartNode(InternalSpelExpressionParser.java:510)
	at org.springframework.expression.spel.standard.InternalSpelExpressionParser.eatPrimaryExpression(InternalSpelExpressionParser.java:350)
	at org.springframework.expression.spel.standard.InternalSpelExpressionParser.eatUnaryExpression(InternalSpelExpressionParser.java:344)
	at org.springframework.expression.spel.standard.InternalSpelExpressionParser.eatPowerIncDecExpression(InternalSpelExpressionParser.java:303)
	at org.springframework.expression.spel.standard.InternalSpelExpressionParser.eatProductExpression(InternalSpelExpressionParser.java:281)
	at org.springframework.expression.spel.standard.InternalSpelExpressionParser.eatSumExpression(InternalSpelExpressionParser.java:263)
	at org.springframework.expression.spel.standard.InternalSpelExpressionParser.eatRelationalExpression(InternalSpelExpressionParser.java:218)
	at org.springframework.expression.spel.standard.InternalSpelExpressionParser.eatLogicalAndExpression(InternalSpelExpressionParser.java:205)
	at org.springframework.expression.spel.standard.InternalSpelExpressionParser.eatLogicalOrExpression(InternalSpelExpressionParser.java:192)
	at org.springframework.expression.spel.standard.InternalSpelExpressionParser.eatExpression(InternalSpelExpressionParser.java:153)
	at org.springframework.expression.spel.standard.InternalSpelExpressionParser.doParseExpression(InternalSpelExpressionParser.java:131)
	at org.springframework.expression.spel.standard.SpelExpressionParser.doParseExpression(SpelExpressionParser.java:61)
	at org.springframework.expression.spel.standard.SpelExpressionParser.doParseExpression(SpelExpressionParser.java:33)
	at org.springframework.expression.common.TemplateAwareExpressionParser.parseExpression(TemplateAwareExpressionParser.java:52)
	at org.springframework.expression.common.TemplateAwareExpressionParser.parseExpression(TemplateAwareExpressionParser.java:43)
	at org.springframework.security.access.expression.method.ExpressionBasedAnnotationAttributeFactory.createPreInvocationAttribute(ExpressionBasedAnnotationAttributeFactory.java:53)
	... 29 common frames omitted
2024-08-24 23:31:03,389 INFO  [main] com.dogukan.SpringJwtApplication:Starting SpringJwtApplication using Java 17.0.11 on DESKTOP-UFHJBGA with PID 19976 (C:\Users\dhn19\OneDrive\Masaüstü\YAZILIM\TechProEducation\Spring\SpringJwt\target\classes started by dhn19 in C:\Users\dhn19\OneDrive\Masaüstü\YAZILIM\TechProEducation\Spring\SpringJwt)
2024-08-24 23:31:03,391 INFO  [main] com.dogukan.SpringJwtApplication:No active profile set, falling back to default profiles: default
2024-08-24 23:31:04,045 INFO  [main] org.springframework.data.repository.config.RepositoryConfigurationDelegate:Bootstrapping Spring Data JPA repositories in DEFAULT mode.
2024-08-24 23:31:04,112 INFO  [main] org.springframework.data.repository.config.RepositoryConfigurationDelegate:Finished Spring Data repository scanning in 60 ms. Found 2 JPA repository interfaces.
2024-08-24 23:31:04,858 INFO  [main] org.springframework.boot.web.embedded.tomcat.TomcatWebServer:Tomcat initialized with port(s): 8080 (http)
2024-08-24 23:31:04,873 INFO  [main] org.apache.catalina.core.StandardService:Starting service [Tomcat]
2024-08-24 23:31:04,874 INFO  [main] org.apache.catalina.core.StandardEngine:Starting Servlet engine: [Apache Tomcat/9.0.56]
2024-08-24 23:31:04,996 INFO  [main] org.apache.catalina.core.ContainerBase.[Tomcat].[localhost].[/]:Initializing Spring embedded WebApplicationContext
2024-08-24 23:31:04,997 INFO  [main] org.springframework.boot.web.servlet.context.ServletWebServerApplicationContext:Root WebApplicationContext: initialization completed in 1564 ms
2024-08-24 23:31:05,237 INFO  [main] org.hibernate.jpa.internal.util.LogHelper:HHH000204: Processing PersistenceUnitInfo [name: default]
2024-08-24 23:31:05,309 INFO  [main] org.hibernate.Version:HHH000412: Hibernate ORM core version 5.6.4.Final
2024-08-24 23:31:05,569 INFO  [main] org.hibernate.annotations.common.Version:HCANN000001: Hibernate Commons Annotations {5.1.2.Final}
2024-08-24 23:31:05,735 INFO  [main] com.zaxxer.hikari.HikariDataSource:HikariPool-1 - Starting...
2024-08-24 23:31:05,960 INFO  [main] com.zaxxer.hikari.HikariDataSource:HikariPool-1 - Start completed.
2024-08-24 23:31:05,985 INFO  [main] org.hibernate.dialect.Dialect:HHH000400: Using dialect: org.hibernate.dialect.PostgreSQL9Dialect
2024-08-24 23:31:06,810 INFO  [main] org.hibernate.engine.transaction.jta.platform.internal.JtaPlatformInitiator:HHH000490: Using JtaPlatform implementation: [org.hibernate.engine.transaction.jta.platform.internal.NoJtaPlatform]
2024-08-24 23:31:06,817 INFO  [main] org.springframework.orm.jpa.LocalContainerEntityManagerFactoryBean:Initialized JPA EntityManagerFactory for persistence unit 'default'
2024-08-24 23:31:07,274 WARN  [main] org.springframework.boot.autoconfigure.orm.jpa.JpaBaseConfiguration$JpaWebConfiguration:spring.jpa.open-in-view is enabled by default. Therefore, database queries may be performed during view rendering. Explicitly configure spring.jpa.open-in-view to disable this warning
2024-08-24 23:31:07,343 WARN  [main] org.springframework.boot.web.servlet.context.AnnotationConfigServletWebServerApplicationContext:Exception encountered during context initialization - cancelling refresh attempt: org.springframework.beans.factory.BeanCreationException: Error creating bean with name 'userController' defined in file [C:\Users\dhn19\OneDrive\Masaüstü\YAZILIM\TechProEducation\Spring\SpringJwt\target\classes\com\dogukan\controller\UserController.class]: Initialization of bean failed; nested exception is java.lang.IllegalArgumentException: Failed to parse expression 'hasAnyRole('STUDENT','ADMIN''
2024-08-24 23:31:07,345 INFO  [main] org.springframework.orm.jpa.LocalContainerEntityManagerFactoryBean:Closing JPA EntityManagerFactory for persistence unit 'default'
2024-08-24 23:31:07,347 INFO  [main] com.zaxxer.hikari.HikariDataSource:HikariPool-1 - Shutdown initiated...
2024-08-24 23:31:07,349 INFO  [main] com.zaxxer.hikari.HikariDataSource:HikariPool-1 - Shutdown completed.
2024-08-24 23:31:07,353 INFO  [main] org.apache.catalina.core.StandardService:Stopping service [Tomcat]
2024-08-24 23:31:07,363 INFO  [main] org.springframework.boot.autoconfigure.logging.ConditionEvaluationReportLoggingListener:

Error starting ApplicationContext. To display the conditions report re-run your application with 'debug' enabled.
2024-08-24 23:31:07,381 ERROR [main] org.springframework.boot.SpringApplication:Application run failed
org.springframework.beans.factory.BeanCreationException: Error creating bean with name 'userController' defined in file [C:\Users\dhn19\OneDrive\Masaüstü\YAZILIM\TechProEducation\Spring\SpringJwt\target\classes\com\dogukan\controller\UserController.class]: Initialization of bean failed; nested exception is java.lang.IllegalArgumentException: Failed to parse expression 'hasAnyRole('STUDENT','ADMIN''
	at org.springframework.beans.factory.support.AbstractAutowireCapableBeanFactory.doCreateBean(AbstractAutowireCapableBeanFactory.java:628)
	at org.springframework.beans.factory.support.AbstractAutowireCapableBeanFactory.createBean(AbstractAutowireCapableBeanFactory.java:542)
	at org.springframework.beans.factory.support.AbstractBeanFactory.lambda$doGetBean$0(AbstractBeanFactory.java:335)
	at org.springframework.beans.factory.support.DefaultSingletonBeanRegistry.getSingleton(DefaultSingletonBeanRegistry.java:234)
	at org.springframework.beans.factory.support.AbstractBeanFactory.doGetBean(AbstractBeanFactory.java:333)
	at org.springframework.beans.factory.support.AbstractBeanFactory.getBean(AbstractBeanFactory.java:208)
	at org.springframework.beans.factory.support.DefaultListableBeanFactory.preInstantiateSingletons(DefaultListableBeanFactory.java:953)
	at org.springframework.context.support.AbstractApplicationContext.finishBeanFactoryInitialization(AbstractApplicationContext.java:918)
	at org.springframework.context.support.AbstractApplicationContext.refresh(AbstractApplicationContext.java:583)
	at org.springframework.boot.web.servlet.context.ServletWebServerApplicationContext.refresh(ServletWebServerApplicationContext.java:145)
	at org.springframework.boot.SpringApplication.refresh(SpringApplication.java:732)
	at org.springframework.boot.SpringApplication.refreshContext(SpringApplication.java:414)
	at org.springframework.boot.SpringApplication.run(SpringApplication.java:302)
	at org.springframework.boot.SpringApplication.run(SpringApplication.java:1303)
	at org.springframework.boot.SpringApplication.run(SpringApplication.java:1292)
	at com.dogukan.SpringJwtApplication.main(SpringJwtApplication.java:10)
Caused by: java.lang.IllegalArgumentException: Failed to parse expression 'hasAnyRole('STUDENT','ADMIN''
	at org.springframework.security.access.expression.method.ExpressionBasedAnnotationAttributeFactory.createPreInvocationAttribute(ExpressionBasedAnnotationAttributeFactory.java:59)
	at org.springframework.security.access.prepost.PrePostAnnotationSecurityMetadataSource.getAttributes(PrePostAnnotationSecurityMetadataSource.java:80)
	at org.springframework.security.access.method.DelegatingMethodSecurityMetadataSource.getAttributes(DelegatingMethodSecurityMetadataSource.java:66)
	at org.springframework.security.access.intercept.aopalliance.MethodSecurityMetadataSourceAdvisor$MethodSecurityMetadataSourcePointcut.matches(MethodSecurityMetadataSourceAdvisor.java:127)
	at org.springframework.aop.support.AopUtils.canApply(AopUtils.java:252)
	at org.springframework.aop.support.AopUtils.canApply(AopUtils.java:289)
	at org.springframework.aop.support.AopUtils.findAdvisorsThatCanApply(AopUtils.java:321)
	at org.springframework.aop.framework.autoproxy.AbstractAdvisorAutoProxyCreator.findAdvisorsThatCanApply(AbstractAdvisorAutoProxyCreator.java:128)
	at org.springframework.aop.framework.autoproxy.AbstractAdvisorAutoProxyCreator.findEligibleAdvisors(AbstractAdvisorAutoProxyCreator.java:97)
	at org.springframework.aop.framework.autoproxy.AbstractAdvisorAutoProxyCreator.getAdvicesAndAdvisorsForBean(AbstractAdvisorAutoProxyCreator.java:78)
	at org.springframework.aop.framework.autoproxy.AbstractAutoProxyCreator.wrapIfNecessary(AbstractAutoProxyCreator.java:339)
	at org.springframework.aop.framework.autoproxy.AbstractAutoProxyCreator.postProcessAfterInitialization(AbstractAutoProxyCreator.java:291)
	at org.springframework.beans.factory.support.AbstractAutowireCapableBeanFactory.applyBeanPostProcessorsAfterInitialization(AbstractAutowireCapableBeanFactory.java:455)
	at org.springframework.beans.factory.support.AbstractAutowireCapableBeanFactory.initializeBean(AbstractAutowireCapableBeanFactory.java:1808)
	at org.springframework.beans.factory.support.AbstractAutowireCapableBeanFactory.doCreateBean(AbstractAutowireCapableBeanFactory.java:620)
	... 15 common frames omitted
Caused by: org.springframework.expression.spel.SpelParseException: Expression [hasAnyRole('STUDENT','ADMIN'] @10: EL1051E: Unexpectedly ran out of arguments
	at org.springframework.expression.spel.standard.InternalSpelExpressionParser.internalException(InternalSpelExpressionParser.java:1041)
	at org.springframework.expression.spel.standard.InternalSpelExpressionParser.consumeArguments(InternalSpelExpressionParser.java:477)
	at org.springframework.expression.spel.standard.InternalSpelExpressionParser.maybeEatMethodArgs(InternalSpelExpressionParser.java:441)
	at org.springframework.expression.spel.standard.InternalSpelExpressionParser.maybeEatMethodOrProperty(InternalSpelExpressionParser.java:760)
	at org.springframework.expression.spel.standard.InternalSpelExpressionParser.eatStartNode(InternalSpelExpressionParser.java:510)
	at org.springframework.expression.spel.standard.InternalSpelExpressionParser.eatPrimaryExpression(InternalSpelExpressionParser.java:350)
	at org.springframework.expression.spel.standard.InternalSpelExpressionParser.eatUnaryExpression(InternalSpelExpressionParser.java:344)
	at org.springframework.expression.spel.standard.InternalSpelExpressionParser.eatPowerIncDecExpression(InternalSpelExpressionParser.java:303)
	at org.springframework.expression.spel.standard.InternalSpelExpressionParser.eatProductExpression(InternalSpelExpressionParser.java:281)
	at org.springframework.expression.spel.standard.InternalSpelExpressionParser.eatSumExpression(InternalSpelExpressionParser.java:263)
	at org.springframework.expression.spel.standard.InternalSpelExpressionParser.eatRelationalExpression(InternalSpelExpressionParser.java:218)
	at org.springframework.expression.spel.standard.InternalSpelExpressionParser.eatLogicalAndExpression(InternalSpelExpressionParser.java:205)
	at org.springframework.expression.spel.standard.InternalSpelExpressionParser.eatLogicalOrExpression(InternalSpelExpressionParser.java:192)
	at org.springframework.expression.spel.standard.InternalSpelExpressionParser.eatExpression(InternalSpelExpressionParser.java:153)
	at org.springframework.expression.spel.standard.InternalSpelExpressionParser.doParseExpression(InternalSpelExpressionParser.java:131)
	at org.springframework.expression.spel.standard.SpelExpressionParser.doParseExpression(SpelExpressionParser.java:61)
	at org.springframework.expression.spel.standard.SpelExpressionParser.doParseExpression(SpelExpressionParser.java:33)
	at org.springframework.expression.common.TemplateAwareExpressionParser.parseExpression(TemplateAwareExpressionParser.java:52)
	at org.springframework.expression.common.TemplateAwareExpressionParser.parseExpression(TemplateAwareExpressionParser.java:43)
	at org.springframework.security.access.expression.method.ExpressionBasedAnnotationAttributeFactory.createPreInvocationAttribute(ExpressionBasedAnnotationAttributeFactory.java:53)
	... 29 common frames omitted
2024-08-24 23:31:52,429 INFO  [main] com.dogukan.SpringJwtApplication:Starting SpringJwtApplication using Java 17.0.11 on DESKTOP-UFHJBGA with PID 23088 (C:\Users\dhn19\OneDrive\Masaüstü\YAZILIM\TechProEducation\Spring\SpringJwt\target\classes started by dhn19 in C:\Users\dhn19\OneDrive\Masaüstü\YAZILIM\TechProEducation\Spring\SpringJwt)
2024-08-24 23:31:52,431 INFO  [main] com.dogukan.SpringJwtApplication:No active profile set, falling back to default profiles: default
2024-08-24 23:31:53,042 INFO  [main] org.springframework.data.repository.config.RepositoryConfigurationDelegate:Bootstrapping Spring Data JPA repositories in DEFAULT mode.
2024-08-24 23:31:53,098 INFO  [main] org.springframework.data.repository.config.RepositoryConfigurationDelegate:Finished Spring Data repository scanning in 49 ms. Found 2 JPA repository interfaces.
2024-08-24 23:31:53,786 INFO  [main] org.springframework.boot.web.embedded.tomcat.TomcatWebServer:Tomcat initialized with port(s): 8080 (http)
2024-08-24 23:31:53,802 INFO  [main] org.apache.catalina.core.StandardService:Starting service [Tomcat]
2024-08-24 23:31:53,803 INFO  [main] org.apache.catalina.core.StandardEngine:Starting Servlet engine: [Apache Tomcat/9.0.56]
2024-08-24 23:31:53,924 INFO  [main] org.apache.catalina.core.ContainerBase.[Tomcat].[localhost].[/]:Initializing Spring embedded WebApplicationContext
2024-08-24 23:31:53,924 INFO  [main] org.springframework.boot.web.servlet.context.ServletWebServerApplicationContext:Root WebApplicationContext: initialization completed in 1444 ms
2024-08-24 23:31:54,189 INFO  [main] org.hibernate.jpa.internal.util.LogHelper:HHH000204: Processing PersistenceUnitInfo [name: default]
2024-08-24 23:31:54,258 INFO  [main] org.hibernate.Version:HHH000412: Hibernate ORM core version 5.6.4.Final
2024-08-24 23:31:54,476 INFO  [main] org.hibernate.annotations.common.Version:HCANN000001: Hibernate Commons Annotations {5.1.2.Final}
2024-08-24 23:31:54,583 INFO  [main] com.zaxxer.hikari.HikariDataSource:HikariPool-1 - Starting...
2024-08-24 23:31:54,759 INFO  [main] com.zaxxer.hikari.HikariDataSource:HikariPool-1 - Start completed.
2024-08-24 23:31:54,773 INFO  [main] org.hibernate.dialect.Dialect:HHH000400: Using dialect: org.hibernate.dialect.PostgreSQL9Dialect
2024-08-24 23:31:55,443 INFO  [main] org.hibernate.engine.transaction.jta.platform.internal.JtaPlatformInitiator:HHH000490: Using JtaPlatform implementation: [org.hibernate.engine.transaction.jta.platform.internal.NoJtaPlatform]
2024-08-24 23:31:55,448 INFO  [main] org.springframework.orm.jpa.LocalContainerEntityManagerFactoryBean:Initialized JPA EntityManagerFactory for persistence unit 'default'
2024-08-24 23:31:55,859 WARN  [main] org.springframework.boot.autoconfigure.orm.jpa.JpaBaseConfiguration$JpaWebConfiguration:spring.jpa.open-in-view is enabled by default. Therefore, database queries may be performed during view rendering. Explicitly configure spring.jpa.open-in-view to disable this warning
2024-08-24 23:31:56,037 INFO  [main] org.springframework.security.web.DefaultSecurityFilterChain:Will secure any request with [org.springframework.security.web.context.request.async.WebAsyncManagerIntegrationFilter@31859960, org.springframework.security.web.context.SecurityContextPersistenceFilter@1f8d42d1, org.springframework.security.web.header.HeaderWriterFilter@45cf0c15, org.springframework.security.web.authentication.logout.LogoutFilter@36cdcae0, com.dogukan.security.AuthTokenFilter@504c415c, org.springframework.security.web.savedrequest.RequestCacheAwareFilter@22ab1b8a, org.springframework.security.web.servletapi.SecurityContextHolderAwareRequestFilter@6e6f5842, org.springframework.security.web.authentication.AnonymousAuthenticationFilter@5718e77c, org.springframework.security.web.session.SessionManagementFilter@1942a36e, org.springframework.security.web.access.ExceptionTranslationFilter@3d73cd78, org.springframework.security.web.access.intercept.AuthorizationFilter@35cf91df]
2024-08-24 23:31:56,586 INFO  [main] org.springframework.boot.web.embedded.tomcat.TomcatWebServer:Tomcat started on port(s): 8080 (http) with context path ''
2024-08-24 23:31:56,596 INFO  [main] com.dogukan.SpringJwtApplication:Started SpringJwtApplication in 4.587 seconds (JVM running for 4.907)
2024-08-24 23:32:12,973 INFO  [SpringApplicationShutdownHook] org.springframework.orm.jpa.LocalContainerEntityManagerFactoryBean:Closing JPA EntityManagerFactory for persistence unit 'default'
2024-08-24 23:32:12,974 INFO  [SpringApplicationShutdownHook] com.zaxxer.hikari.HikariDataSource:HikariPool-1 - Shutdown initiated...
2024-08-24 23:32:12,977 INFO  [SpringApplicationShutdownHook] com.zaxxer.hikari.HikariDataSource:HikariPool-1 - Shutdown completed.
